<?xml version="1.0" encoding="UTF-8"?>
<!-- Generated by org.testng.reporters.JUnitReportReporter -->
<testsuite hostname="CLBBRC02SJ544G8WN.local" failures="0" tests="1" name="tests.CartTest" time="15.412" errors="0" timestamp="02 Jun 2020 15:10:25 GMT" skipped="0">
  <testcase classname="tests.CartTest" name="buyABeer" time="15.412"/>
</testsuite> <!-- tests.CartTest -->
