<?xml version="1.0" encoding="UTF-8"?>
<!-- Generated by org.testng.reporters.JUnitReportReporter -->
<testsuite hostname="CLBBRC02SJ544G8WN.local" failures="0" tests="1" name="ui.tests.CartTest" time="16.009" errors="0" timestamp="02 Jun 2020 17:24:23 GMT" skipped="0">
  <testcase classname="ui.tests.CartTest" name="buyABeer" time="16.009"/>
</testsuite> <!-- ui.tests.CartTest -->
