<?xml version="1.0" encoding="UTF-8"?>
<!-- Generated by org.testng.reporters.JUnitReportReporter -->
<testsuite hostname="CLBBRC02SJ544G8WN.local" failures="0" tests="1" name="Ze01.Ze01.CartTest" time="3.610" errors="0" timestamp="01 Jun 2020 17:48:06 GMT" skipped="0">
  <testcase classname="Ze01.Ze01.CartTest" name="buyABeer" time="3.610"/>
</testsuite> <!-- Ze01.Ze01.CartTest -->
