<?xml version="1.0" encoding="UTF-8"?>
<!-- Generated by org.testng.reporters.JUnitReportReporter -->
<testsuite hostname="CLBBRC02SJ544G8WN.local" failures="0" tests="2" name="api.tests.WeatherTest" time="2.747" errors="0" timestamp="03 Jun 2020 19:47:49 GMT" skipped="0">
  <testcase classname="api.tests.WeatherTest" name="weatherRange" time="0.797"/>
  <testcase classname="api.tests.WeatherTest" name="weatherRange" time="1.950"/>
</testsuite> <!-- api.tests.WeatherTest -->
